<?xml version="1.0" encoding="UTF-8"?>
<!-- Generated by org.testng.reporters.JUnitXMLReporter -->
<testsuite hostname="LSLRHR0213" name="SanitySuiteFile" tests="3" failures="1" timestamp="1 Jan 2018 06:31:33 GMT" time="127.81" errors="0">
  <testcase name="Login" time="31.741" classname="sanityTesting.TC_EPC_Login_001"/>
  <testcase name="loginlogout" time="22.491" classname="sanityTesting.TC_EPC_Logout_002"/>
  <testcase name="placeorder" time="0.056" classname="sanityTesting.TC_EPC_PlaceOrder_003">
    <failure type="java.lang.NullPointerException">
      <![CDATA[java.lang.NullPointerException
	at libraries.genericHandlingExcel.getdata(genericHandlingExcel.java:25)
	at sanityTesting.TC_EPC_PlaceOrder_003.placeorder(TC_EPC_PlaceOrder_003.java:20)
... Removed 24 stack frames]]>
    </failure>
  </testcase> <!-- placeorder -->
</testsuite> <!-- SanitySuiteFile -->
